0 info it worked if it ends with ok
1 verbose cli [ '/home/vagrant/.nvm/versions/node/v6.9.1/bin/node',
1 verbose cli   '/home/vagrant/.nvm/versions/node/v6.9.1/bin/npm',
1 verbose cli   'run',
1 verbose cli   'watch' ]
2 info using npm@4.0.1
3 info using node@v6.9.1
4 verbose run-script [ 'prewatch', 'watch', 'postwatch' ]
5 info lifecycle redux_project@1.0.0~prewatch: redux_project@1.0.0
6 silly lifecycle redux_project@1.0.0~prewatch: no script for prewatch, continuing
7 info lifecycle redux_project@1.0.0~watch: redux_project@1.0.0
8 verbose lifecycle redux_project@1.0.0~watch: unsafe-perm in lifecycle true
9 verbose lifecycle redux_project@1.0.0~watch: PATH: /home/vagrant/.nvm/versions/node/v6.9.1/lib/node_modules/npm/bin/node-gyp-bin:/vagrant/dev/reduxProject/node_modules/.bin:/home/vagrant/.nvm/versions/node/v6.9.1/bin:/home/vagrant/.rbenv/shims:/home/vagrant/.rbenv/bin:/usr/local/sbin:/usr/local/bin:/usr/sbin:/usr/bin:/sbin:/bin:/usr/games:/usr/local/games
10 verbose lifecycle redux_project@1.0.0~watch: CWD: /vagrant/dev/reduxProject
11 silly lifecycle redux_project@1.0.0~watch: Args: [ '-c',
11 silly lifecycle   './node_modules/watchify/bin/cmd.sh -t babelify ./app.js -o ./build.js' ]
12 info lifecycle redux_project@1.0.0~watch: Failed to exec watch script
13 verbose stack Error: redux_project@1.0.0 watch: `./node_modules/watchify/bin/cmd.sh -t babelify ./app.js -o ./build.js`
13 verbose stack spawn ENOENT
13 verbose stack     at ChildProcess.<anonymous> (/home/vagrant/.nvm/versions/node/v6.9.1/lib/node_modules/npm/lib/utils/spawn.js:33:16)
13 verbose stack     at emitTwo (events.js:106:13)
13 verbose stack     at ChildProcess.emit (events.js:191:7)
13 verbose stack     at maybeClose (internal/child_process.js:877:16)
13 verbose stack     at Process.ChildProcess._handle.onexit (internal/child_process.js:226:5)
14 verbose pkgid redux_project@1.0.0
15 verbose cwd /vagrant/dev/reduxProject
16 error Linux 3.13.0-98-generic
17 error argv "/home/vagrant/.nvm/versions/node/v6.9.1/bin/node" "/home/vagrant/.nvm/versions/node/v6.9.1/bin/npm" "run" "watch"
18 error node v6.9.1
19 error npm  v4.0.1
20 error file sh
21 error code ELIFECYCLE
22 error errno ENOENT
23 error syscall spawn
24 error redux_project@1.0.0 watch: `./node_modules/watchify/bin/cmd.sh -t babelify ./app.js -o ./build.js`
24 error spawn ENOENT
25 error Failed at the redux_project@1.0.0 watch script './node_modules/watchify/bin/cmd.sh -t babelify ./app.js -o ./build.js'.
25 error Make sure you have the latest version of node.js and npm installed.
25 error If you do, this is most likely a problem with the redux_project package,
25 error not with npm itself.
25 error Tell the author that this fails on your system:
25 error     ./node_modules/watchify/bin/cmd.sh -t babelify ./app.js -o ./build.js
25 error You can get information on how to open an issue for this project with:
25 error     npm bugs redux_project
25 error Or if that isn't available, you can get their info via:
25 error     npm owner ls redux_project
25 error There is likely additional logging output above.
26 verbose exit [ 1, true ]
